// 重构日志: bdc6bf63
// 重构日志: 96c93b39
// 同步 ID: ab1a6645 @ Mon Jul 13 01:48:43 UTC 2026
// 重构日志: 6450631b
// 同步 ID: 3b833be4 @ Tue Jul 14 11:15:34 UTC 2026
// 重构日志: 7162bedd
// 重构日志: 79d49dc3
// 同步 ID: 8baf4537 @ Wed Jul 15 07:53:50 UTC 2026
// 重构日志: d0e78d84
// 重构日志: 93f711d2
// 重构日志: 86e1e984
// 重构日志: ec9f2659
// 重构日志: e5cf929d
// 同步 ID: 18e5df57 @ Thu Jul 16 19:20:25 UTC 2026
// 同步 ID: 1fae7473 @ Fri Jul 17 05:33:15 UTC 2026
// 同步 ID: fc00e093 @ Fri Jul 17 09:36:57 UTC 2026
// 重构日志: 2643877d
// 重构日志: 2734a3a7
// 重构日志: 41fd1506
// 同步 ID: a1bb7ac9 @ Sat Jul 18 20:16:04 UTC 2026
// 重构日志: d6492848
// 同步 ID: e0fcbf4f @ Sun Jul 19 14:27:12 UTC 2026
// 重构日志: f44b4559
// 重构日志: cdefd307
// 同步 ID: dde9e3a1 @ Mon Jul 20 18:05:55 UTC 2026
// 重构日志: ab643834
// 重构日志: d13260f0
// 同步 ID: a61db3bd @ Tue Jul 21 16:47:48 UTC 2026
// 重构日志: 5d6b832c
// 同步 ID: 1ea6ea6d @ Thu Jul 23 23:20:17 UTC 2026
